{
  "stats": {
    "suites": 2,
    "tests": 2,
    "passes": 2,
    "pending": 0,
    "failures": 0,
    "start": "2025-09-18T05:46:52.285Z",
    "end": "2025-09-18T05:47:06.034Z",
    "duration": 13749,
    "testsRegistered": 2,
    "passPercent": 100,
    "pendingPercent": 0,
    "other": 0,
    "hasOther": false,
    "skipped": 0,
    "hasSkipped": false
  },
  "results": [
    {
      "uuid": "6306d891-2c3c-4e11-ab36-a1c9f700520a",
      "title": "",
      "fullFile": "cypress\\e2e\\day3\\video.cy.js",
      "file": "cypress\\e2e\\day3\\video.cy.js",
      "beforeHooks": [],
      "afterHooks": [],
      "tests": [],
      "suites": [
        {
          "uuid": "0a5601b0-a31f-425c-87d6-436aa0dc34b9",
          "title": "OrangeHRM Login",
          "fullFile": "",
          "file": "",
          "beforeHooks": [],
          "afterHooks": [],
          "tests": [
            {
              "title": "should login with custom command",
              "fullTitle": "OrangeHRM Login should login with custom command",
              "timedOut": null,
              "duration": 6224,
              "state": "passed",
              "speed": "medium",
              "pass": true,
              "fail": false,
              "pending": false,
              "context": null,
              "code": "cy.login('Admin', 'admin123');\ncy.url().should('include', '/dashboard');",
              "err": {},
              "uuid": "fc13c211-5d52-4583-89a3-652535009f1b",
              "parentUUID": "0a5601b0-a31f-425c-87d6-436aa0dc34b9",
              "isHook": false,
              "skipped": false
            }
          ],
          "suites": [],
          "passes": [
            "fc13c211-5d52-4583-89a3-652535009f1b"
          ],
          "failures": [],
          "pending": [],
          "skipped": [],
          "duration": 6224,
          "root": false,
          "rootEmpty": false,
          "_timeout": 2000
        },
        {
          "uuid": "7f15ecdf-2391-4be6-ad76-2ae17e244031",
          "title": "OrangeHRM Video Examples",
          "fullFile": "",
          "file": "",
          "beforeHooks": [],
          "afterHooks": [],
          "tests": [
            {
              "title": "completes a full user journey",
              "fullTitle": "OrangeHRM Video Examples completes a full user journey",
              "timedOut": null,
              "duration": 7393,
              "state": "passed",
              "speed": "medium",
              "pass": true,
              "fail": false,
              "pending": false,
              "context": null,
              "code": "// This entire test will be recorded\ncy.visit('/web/index.php/auth/login');\n// Login\ncy.get('input[name=\"username\"]').type('Admin');\ncy.get('input[name=\"password\"]').type('admin123');\ncy.get('button[type=\"submit\"]').click();\n// Verify dashboard\ncy.url().should('include', '/dashboard');\n// Navigate to Admin section\ncy.get('.oxd-sidepanel').contains('Admin').click();\ncy.url().should('include', '/admin/viewSystemUsers');\n// Navigate to PIM\ncy.get('.oxd-sidepanel').contains('PIM').click();\ncy.url().should('include', '/pim/viewEmployeeList');",
              "err": {},
              "uuid": "7b2cd571-36fc-4d5e-ace7-e604baf1add8",
              "parentUUID": "7f15ecdf-2391-4be6-ad76-2ae17e244031",
              "isHook": false,
              "skipped": false
            }
          ],
          "suites": [],
          "passes": [
            "7b2cd571-36fc-4d5e-ace7-e604baf1add8"
          ],
          "failures": [],
          "pending": [],
          "skipped": [],
          "duration": 7393,
          "root": false,
          "rootEmpty": false,
          "_timeout": 2000
        }
      ],
      "passes": [],
      "failures": [],
      "pending": [],
      "skipped": [],
      "duration": 0,
      "root": true,
      "rootEmpty": true,
      "_timeout": 2000
    }
  ],
  "meta": {
    "mocha": {
      "version": "7.2.0"
    },
    "mochawesome": {
      "options": {
        "quiet": false,
        "reportFilename": "mochawesome",
        "saveHtml": true,
        "saveJson": true,
        "consoleReporter": "spec",
        "useInlineDiffs": false,
        "code": true
      },
      "version": "7.1.4"
    },
    "marge": {
      "options": {
        "reportDir": "cypress/reports",
        "overwrite": false,
        "html": true,
        "json": true
      },
      "version": "6.3.0"
    }
  }
}