{
  "stats": {
    "suites": 2,
    "tests": 2,
    "passes": 2,
    "pending": 0,
    "failures": 0,
    "start": "2025-09-18T05:46:38.732Z",
    "end": "2025-09-18T05:46:49.031Z",
    "duration": 10299,
    "testsRegistered": 2,
    "passPercent": 100,
    "pendingPercent": 0,
    "other": 0,
    "hasOther": false,
    "skipped": 0,
    "hasSkipped": false
  },
  "results": [
    {
      "uuid": "73e011a2-8fdf-44f4-83c4-2bac378bda01",
      "title": "",
      "fullFile": "cypress\\e2e\\day3\\Screenshot.cy.js",
      "file": "cypress\\e2e\\day3\\Screenshot.cy.js",
      "beforeHooks": [],
      "afterHooks": [],
      "tests": [],
      "suites": [
        {
          "uuid": "9f54be46-a03a-441e-9792-941cc0eb01c8",
          "title": "OrangeHRM Login",
          "fullFile": "",
          "file": "",
          "beforeHooks": [],
          "afterHooks": [],
          "tests": [
            {
              "title": "should login with custom command",
              "fullTitle": "OrangeHRM Login should login with custom command",
              "timedOut": null,
              "duration": 6312,
              "state": "passed",
              "speed": "medium",
              "pass": true,
              "fail": false,
              "pending": false,
              "context": null,
              "code": "cy.login('Admin', 'admin123');\ncy.url().should('include', '/dashboard');",
              "err": {},
              "uuid": "a68a5d01-333a-4774-96dc-514a3303350d",
              "parentUUID": "9f54be46-a03a-441e-9792-941cc0eb01c8",
              "isHook": false,
              "skipped": false
            }
          ],
          "suites": [],
          "passes": [
            "a68a5d01-333a-4774-96dc-514a3303350d"
          ],
          "failures": [],
          "pending": [],
          "skipped": [],
          "duration": 6312,
          "root": false,
          "rootEmpty": false,
          "_timeout": 2000
        },
        {
          "uuid": "1479bd25-ebf3-43da-9a01-2902cef48c97",
          "title": "OrangeHRM Screenshot Examples",
          "fullFile": "",
          "file": "",
          "beforeHooks": [],
          "afterHooks": [],
          "tests": [
            {
              "title": "demonstrates screenshot capabilities",
              "fullTitle": "OrangeHRM Screenshot Examples demonstrates screenshot capabilities",
              "timedOut": null,
              "duration": 3875,
              "state": "passed",
              "speed": "fast",
              "pass": true,
              "fail": false,
              "pending": false,
              "context": null,
              "code": "// Visit login page\ncy.visit('/web/index.php/auth/login');\n// Capture entire page\ncy.screenshot('login-page');\n// Capture specific element\ncy.get('.orangehrm-login-branding').screenshot('login-logo');\n// Fill login form\ncy.get('input[name=\"username\"]').type('Admin');\ncy.get('input[name=\"password\"]').type('admin123');\n// Capture filled form\ncy.screenshot('login-form-filled');\n// Submit form\ncy.get('button[type=\"submit\"]').click();\n// Verify dashboard and capture\ncy.url().should('include', '/dashboard');\ncy.screenshot('dashboard-page');",
              "err": {},
              "uuid": "016351ee-4ba1-4705-8fd3-b5febae2281f",
              "parentUUID": "1479bd25-ebf3-43da-9a01-2902cef48c97",
              "isHook": false,
              "skipped": false
            }
          ],
          "suites": [],
          "passes": [
            "016351ee-4ba1-4705-8fd3-b5febae2281f"
          ],
          "failures": [],
          "pending": [],
          "skipped": [],
          "duration": 3875,
          "root": false,
          "rootEmpty": false,
          "_timeout": 2000
        }
      ],
      "passes": [],
      "failures": [],
      "pending": [],
      "skipped": [],
      "duration": 0,
      "root": true,
      "rootEmpty": true,
      "_timeout": 2000
    }
  ],
  "meta": {
    "mocha": {
      "version": "7.2.0"
    },
    "mochawesome": {
      "options": {
        "quiet": false,
        "reportFilename": "mochawesome",
        "saveHtml": true,
        "saveJson": true,
        "consoleReporter": "spec",
        "useInlineDiffs": false,
        "code": true
      },
      "version": "7.1.4"
    },
    "marge": {
      "options": {
        "reportDir": "cypress/reports",
        "overwrite": false,
        "html": true,
        "json": true
      },
      "version": "6.3.0"
    }
  }
}